[2018-02-11 12:35:08] app.INFO: Matched route "{route}". {"route":"GET_","route_parameters":{"_controller":"[object] (Closure: {})","_route":"GET_"},"request_uri":"http://localhost:9000/","method":"GET"} []
[2018-02-11 12:35:08] app.DEBUG: > GET / [] []
[2018-02-11 12:35:08] app.DEBUG: < 200 [] []
[2018-02-11 12:37:18] app.INFO: Matched route "{route}". {"route":"GET_","route_parameters":{"_controller":"[object] (Closure: {})","_route":"GET_"},"request_uri":"http://localhost:9000/","method":"GET"} []
[2018-02-11 12:37:18] app.DEBUG: > GET / [] []
[2018-02-11 12:37:18] app.DEBUG: < 200 [] []
[2018-02-11 12:42:23] app.INFO: Matched route "{route}". {"route":"GET_","route_parameters":{"_controller":"[object] (Closure: {})","_route":"GET_"},"request_uri":"http://localhost:9000/","method":"GET"} []
[2018-02-11 12:42:23] app.DEBUG: > GET / [] []
[2018-02-11 12:42:23] app.DEBUG: < 200 [] []
[2018-02-11 12:42:37] app.INFO: Matched route "{route}". {"route":"GET_","route_parameters":{"_controller":"[object] (Closure: {})","_route":"GET_"},"request_uri":"http://localhost:9000/","method":"GET"} []
[2018-02-11 12:42:37] app.DEBUG: > GET / [] []
[2018-02-11 12:42:37] app.DEBUG: < 200 [] []
[2018-02-11 12:46:41] app.INFO: Matched route "{route}". {"route":"GET_","route_parameters":{"_controller":"[object] (Closure: {})","_route":"GET_"},"request_uri":"http://localhost:9000/","method":"GET"} []
[2018-02-11 12:46:41] app.DEBUG: > GET / [] []
[2018-02-11 12:46:41] app.DEBUG: < 200 [] []
[2018-02-11 12:48:39] app.INFO: Matched route "{route}". {"route":"GET_","route_parameters":{"_controller":"[object] (Closure: {})","_route":"GET_"},"request_uri":"http://localhost:9000/","method":"GET"} []
[2018-02-11 12:48:39] app.DEBUG: > GET / [] []
[2018-02-11 12:48:39] app.DEBUG: < 200 [] []
[2018-02-11 12:56:10] app.INFO: Matched route "{route}". {"route":"GET_","route_parameters":{"_controller":"[object] (Closure: {})","_route":"GET_"},"request_uri":"http://localhost:9000/","method":"GET"} []
[2018-02-11 12:56:10] app.DEBUG: > GET / [] []
[2018-02-11 12:56:10] app.DEBUG: < 200 [] []
[2018-02-11 13:29:06] app.INFO: Matched route "{route}". {"route":"GET_books","route_parameters":{"_controller":"[object] (Closure: {})","_route":"GET_books"},"request_uri":"http://localhost:9000/books","method":"GET"} []
[2018-02-11 13:29:06] app.DEBUG: > GET /books [] []
[2018-02-11 13:29:06] app.DEBUG: < 200 [] []
[2018-02-11 14:37:34] app.INFO: Matched route "{route}". {"route":"GET_books","route_parameters":{"_controller":"[object] (Closure: {})","_route":"GET_books"},"request_uri":"http://localhost:9000/books","method":"GET"} []
[2018-02-11 14:37:34] app.DEBUG: > GET /books [] []
[2018-02-11 14:37:34] app.DEBUG: < 200 [] []
[2018-02-11 14:38:03] app.INFO: Matched route "{route}". {"route":"GET_books","route_parameters":{"_controller":"[object] (Closure: {})","_route":"GET_books"},"request_uri":"http://localhost:9000/books","method":"GET"} []
[2018-02-11 14:38:03] app.DEBUG: > GET /books [] []
[2018-02-11 14:38:03] app.DEBUG: < 200 [] []
[2018-02-11 14:38:11] app.INFO: Matched route "{route}". {"route":"GET_books","route_parameters":{"_controller":"[object] (Closure: {})","_route":"GET_books"},"request_uri":"http://localhost:9000/books","method":"GET"} []
[2018-02-11 14:38:11] app.DEBUG: > GET /books [] []
[2018-02-11 14:38:11] app.DEBUG: < 200 [] []
[2018-02-11 14:38:25] app.INFO: Matched route "{route}". {"route":"GET_books","route_parameters":{"_controller":"[object] (Closure: {})","_route":"GET_books"},"request_uri":"http://localhost:9000/books","method":"GET"} []
[2018-02-11 14:38:25] app.DEBUG: > GET /books [] []
[2018-02-11 14:38:25] app.DEBUG: < 200 [] []
[2018-02-11 14:39:11] app.INFO: Matched route "{route}". {"route":"GET_books","route_parameters":{"_controller":"[object] (Closure: {})","_route":"GET_books"},"request_uri":"http://localhost:9000/books","method":"GET"} []
[2018-02-11 14:39:11] app.DEBUG: > GET /books [] []
[2018-02-11 14:39:11] app.DEBUG: < 200 [] []
[2018-02-11 14:39:54] app.INFO: Matched route "{route}". {"route":"GET_books","route_parameters":{"_controller":"[object] (Closure: {})","_route":"GET_books"},"request_uri":"http://localhost:9000/books","method":"GET"} []
[2018-02-11 14:39:54] app.DEBUG: > GET /books [] []
[2018-02-11 14:39:54] app.DEBUG: < 200 [] []
[2018-02-11 14:52:00] app.INFO: Matched route "{route}". {"route":"GET_","route_parameters":{"_controller":"[object] (Closure: {})","_route":"GET_"},"request_uri":"http://localhost:9000/","method":"GET"} []
[2018-02-11 14:52:00] app.DEBUG: > GET / [] []
[2018-02-11 14:52:00] app.DEBUG: < 200 [] []
[2018-02-11 14:52:10] app.INFO: Matched route "{route}". {"route":"GET_","route_parameters":{"_controller":"[object] (Closure: {})","_route":"GET_"},"request_uri":"http://localhost:9000/","method":"GET"} []
[2018-02-11 14:52:10] app.DEBUG: > GET / [] []
[2018-02-11 14:52:10] app.DEBUG: < 200 [] []
[2018-02-11 14:56:04] app.INFO: Matched route "{route}". {"route":"GET_","route_parameters":{"_controller":"[object] (Closure: {})","_route":"GET_"},"request_uri":"http://localhost:9000/","method":"GET"} []
[2018-02-11 14:56:04] app.DEBUG: > GET / [] []
[2018-02-11 14:56:04] app.DEBUG: < 200 [] []
[2018-02-11 14:56:09] app.INFO: Matched route "{route}". {"route":"GET_books","route_parameters":{"_controller":"[object] (Closure: {})","_route":"GET_books"},"request_uri":"http://localhost:9000/books","method":"GET"} []
[2018-02-11 14:56:09] app.DEBUG: > GET /books [] []
[2018-02-11 14:56:09] app.DEBUG: < 200 [] []
[2018-02-11 15:02:39] app.INFO: Matched route "{route}". {"route":"GET_books","route_parameters":{"_controller":"[object] (Closure: {})","_route":"GET_books"},"request_uri":"http://localhost:9000/books","method":"GET"} []
[2018-02-11 15:02:39] app.DEBUG: > GET /books [] []
[2018-02-11 15:02:40] app.DEBUG: < 200 [] []
[2018-02-11 15:02:43] app.INFO: Matched route "{route}". {"route":"GET_","route_parameters":{"_controller":"[object] (Closure: {})","_route":"GET_"},"request_uri":"http://localhost:9000/","method":"GET"} []
[2018-02-11 15:02:43] app.DEBUG: > GET / [] []
[2018-02-11 15:02:43] app.DEBUG: < 200 [] []
[2018-02-11 15:02:46] app.INFO: Matched route "{route}". {"route":"GET_books","route_parameters":{"_controller":"[object] (Closure: {})","_route":"GET_books"},"request_uri":"http://localhost:9000/books","method":"GET"} []
[2018-02-11 15:02:46] app.DEBUG: > GET /books [] []
[2018-02-11 15:02:46] app.DEBUG: < 200 [] []
[2018-02-11 15:02:48] app.INFO: Matched route "{route}". {"route":"GET_","route_parameters":{"_controller":"[object] (Closure: {})","_route":"GET_"},"request_uri":"http://localhost:9000/","method":"GET"} []
[2018-02-11 15:02:48] app.DEBUG: > GET / [] []
[2018-02-11 15:02:48] app.DEBUG: < 200 [] []
[2018-02-11 15:02:52] app.INFO: Matched route "{route}". {"route":"GET_books","route_parameters":{"_controller":"[object] (Closure: {})","_route":"GET_books"},"request_uri":"http://localhost:9000/books","method":"GET"} []
[2018-02-11 15:02:52] app.DEBUG: > GET /books [] []
[2018-02-11 15:02:52] app.DEBUG: < 200 [] []
[2018-02-11 15:02:54] app.INFO: Matched route "{route}". {"route":"GET_","route_parameters":{"_controller":"[object] (Closure: {})","_route":"GET_"},"request_uri":"http://localhost:9000/","method":"GET"} []
[2018-02-11 15:02:54] app.DEBUG: > GET / [] []
[2018-02-11 15:02:54] app.DEBUG: < 200 [] []
[2018-02-11 15:02:58] app.INFO: Matched route "{route}". {"route":"GET_books","route_parameters":{"_controller":"[object] (Closure: {})","_route":"GET_books"},"request_uri":"http://localhost:9000/books","method":"GET"} []
[2018-02-11 15:02:58] app.DEBUG: > GET /books [] []
[2018-02-11 15:02:58] app.DEBUG: < 200 [] []
[2018-02-11 15:03:02] app.INFO: Matched route "{route}". {"route":"GET_","route_parameters":{"_controller":"[object] (Closure: {})","_route":"GET_"},"request_uri":"http://localhost:9000/","method":"GET"} []
[2018-02-11 15:03:02] app.DEBUG: > GET / [] []
[2018-02-11 15:03:02] app.DEBUG: < 200 [] []
[2018-02-11 15:04:48] app.INFO: Matched route "{route}". {"route":"GET_","route_parameters":{"_controller":"[object] (Closure: {})","_route":"GET_"},"request_uri":"http://localhost:9000/","method":"GET"} []
[2018-02-11 15:04:48] app.DEBUG: > GET / [] []
[2018-02-11 15:04:48] app.DEBUG: < 200 [] []
[2018-02-11 15:05:26] app.INFO: Matched route "{route}". {"route":"GET_","route_parameters":{"_controller":"[object] (Closure: {})","_route":"GET_"},"request_uri":"http://localhost:9000/","method":"GET"} []
[2018-02-11 15:05:26] app.DEBUG: > GET / [] []
[2018-02-11 15:05:26] app.DEBUG: < 200 [] []
[2018-02-11 15:06:30] app.INFO: Matched route "{route}". {"route":"GET_","route_parameters":{"_controller":"[object] (Closure: {})","_route":"GET_"},"request_uri":"http://localhost:9000/","method":"GET"} []
[2018-02-11 15:06:30] app.DEBUG: > GET / [] []
[2018-02-11 15:06:30] app.DEBUG: < 200 [] []
[2018-02-11 15:07:23] app.INFO: Matched route "{route}". {"route":"GET_","route_parameters":{"_controller":"[object] (Closure: {})","_route":"GET_"},"request_uri":"http://localhost:9000/","method":"GET"} []
[2018-02-11 15:07:23] app.DEBUG: > GET / [] []
[2018-02-11 15:07:23] app.DEBUG: < 200 [] []
[2018-02-11 15:08:09] app.INFO: Matched route "{route}". {"route":"GET_","route_parameters":{"_controller":"[object] (Closure: {})","_route":"GET_"},"request_uri":"http://localhost:9000/","method":"GET"} []
[2018-02-11 15:08:09] app.DEBUG: > GET / [] []
[2018-02-11 15:08:09] app.DEBUG: < 200 [] []
[2018-02-11 15:08:17] app.INFO: Matched route "{route}". {"route":"GET_","route_parameters":{"_controller":"[object] (Closure: {})","_route":"GET_"},"request_uri":"http://localhost:9000/","method":"GET"} []
[2018-02-11 15:08:17] app.DEBUG: > GET / [] []
[2018-02-11 15:08:17] app.DEBUG: < 200 [] []
[2018-02-11 15:08:24] app.INFO: Matched route "{route}". {"route":"GET_","route_parameters":{"_controller":"[object] (Closure: {})","_route":"GET_"},"request_uri":"http://localhost:9000/","method":"GET"} []
[2018-02-11 15:08:24] app.DEBUG: > GET / [] []
[2018-02-11 15:08:24] app.DEBUG: < 200 [] []
[2018-02-11 15:08:33] app.INFO: Matched route "{route}". {"route":"GET_","route_parameters":{"_controller":"[object] (Closure: {})","_route":"GET_"},"request_uri":"http://localhost:9000/","method":"GET"} []
[2018-02-11 15:08:33] app.DEBUG: > GET / [] []
[2018-02-11 15:08:33] app.DEBUG: < 200 [] []
[2018-02-11 15:09:06] app.INFO: Matched route "{route}". {"route":"GET_","route_parameters":{"_controller":"[object] (Closure: {})","_route":"GET_"},"request_uri":"http://localhost:9000/","method":"GET"} []
[2018-02-11 15:09:06] app.DEBUG: > GET / [] []
[2018-02-11 15:09:06] app.DEBUG: < 200 [] []
[2018-02-11 15:11:42] app.INFO: Matched route "{route}". {"route":"GET_","route_parameters":{"_controller":"[object] (Closure: {})","_route":"GET_"},"request_uri":"http://localhost:9000/","method":"GET"} []
[2018-02-11 15:11:42] app.DEBUG: > GET / [] []
[2018-02-11 15:11:42] app.DEBUG: < 200 [] []
[2018-02-11 15:11:44] app.INFO: Matched route "{route}". {"route":"GET_books","route_parameters":{"_controller":"[object] (Closure: {})","_route":"GET_books"},"request_uri":"http://localhost:9000/books","method":"GET"} []
[2018-02-11 15:11:44] app.DEBUG: > GET /books [] []
[2018-02-11 15:11:44] app.DEBUG: < 200 [] []
[2018-02-11 15:12:46] app.INFO: Matched route "{route}". {"route":"GET_","route_parameters":{"_controller":"[object] (Closure: {})","_route":"GET_"},"request_uri":"http://localhost:9000/","method":"GET"} []
[2018-02-11 15:12:46] app.DEBUG: > GET / [] []
[2018-02-11 15:12:47] app.DEBUG: < 200 [] []
[2018-02-11 15:15:44] app.INFO: Matched route "{route}". {"route":"GET_","route_parameters":{"_controller":"[object] (Closure: {})","_route":"GET_"},"request_uri":"http://localhost:9000/","method":"GET"} []
[2018-02-11 15:15:44] app.DEBUG: > GET / [] []
[2018-02-11 15:15:44] app.DEBUG: < 200 [] []
[2018-02-11 15:15:47] app.INFO: Matched route "{route}". {"route":"GET_","route_parameters":{"_controller":"[object] (Closure: {})","_route":"GET_"},"request_uri":"http://localhost:9000/","method":"GET"} []
[2018-02-11 15:15:47] app.DEBUG: > GET / [] []
[2018-02-11 15:15:47] app.DEBUG: < 200 [] []
[2018-02-11 15:18:37] app.INFO: Matched route "{route}". {"route":"GET_","route_parameters":{"_controller":"[object] (Closure: {})","_route":"GET_"},"request_uri":"http://localhost:9000/","method":"GET"} []
[2018-02-11 15:18:37] app.DEBUG: > GET / [] []
[2018-02-11 15:18:37] app.DEBUG: < 200 [] []
[2018-02-11 15:21:32] app.INFO: Matched route "{route}". {"route":"GET_","route_parameters":{"_controller":"[object] (Closure: {})","_route":"GET_"},"request_uri":"http://localhost:9000/","method":"GET"} []
[2018-02-11 15:21:32] app.DEBUG: > GET / [] []
[2018-02-11 15:21:32] app.DEBUG: < 200 [] []
[2018-02-11 15:22:12] app.INFO: Matched route "{route}". {"route":"GET_","route_parameters":{"_controller":"[object] (Closure: {})","_route":"GET_"},"request_uri":"http://localhost:9000/","method":"GET"} []
[2018-02-11 15:22:12] app.DEBUG: > GET / [] []
[2018-02-11 15:22:12] app.DEBUG: < 200 [] []
[2018-02-11 15:25:25] app.INFO: Matched route "{route}". {"route":"GET_","route_parameters":{"_controller":"[object] (Closure: {})","_route":"GET_"},"request_uri":"http://localhost:9000/","method":"GET"} []
[2018-02-11 15:25:25] app.DEBUG: > GET / [] []
[2018-02-11 15:25:25] app.DEBUG: < 200 [] []
[2018-02-11 15:25:59] app.INFO: Matched route "{route}". {"route":"GET_","route_parameters":{"_controller":"[object] (Closure: {})","_route":"GET_"},"request_uri":"http://localhost:9000/","method":"GET"} []
[2018-02-11 15:25:59] app.DEBUG: > GET / [] []
[2018-02-11 15:25:59] app.DEBUG: < 200 [] []
[2018-02-11 15:26:31] app.INFO: Matched route "{route}". {"route":"GET_books","route_parameters":{"_controller":"[object] (Closure: {})","_route":"GET_books"},"request_uri":"http://localhost:9000/books","method":"GET"} []
[2018-02-11 15:26:31] app.DEBUG: > GET /books [] []
[2018-02-11 15:26:31] app.DEBUG: < 200 [] []
[2018-02-11 15:26:40] app.INFO: Matched route "{route}". {"route":"GET_","route_parameters":{"_controller":"[object] (Closure: {})","_route":"GET_"},"request_uri":"http://localhost:9000/","method":"GET"} []
[2018-02-11 15:26:41] app.DEBUG: > GET / [] []
[2018-02-11 15:26:41] app.DEBUG: < 200 [] []
[2018-02-11 18:46:32] app.INFO: Matched route "{route}". {"route":"GET_","route_parameters":{"_controller":"[object] (Closure: {})","_route":"GET_"},"request_uri":"http://localhost:9000/","method":"GET"} []
[2018-02-11 18:46:32] app.DEBUG: > GET / [] []
[2018-02-11 18:46:32] app.DEBUG: < 200 [] []
[2018-02-11 18:46:35] app.INFO: Matched route "{route}". {"route":"GET_books","route_parameters":{"_controller":"[object] (Closure: {})","_route":"GET_books"},"request_uri":"http://localhost:9000/books","method":"GET"} []
[2018-02-11 18:46:35] app.DEBUG: > GET /books [] []
[2018-02-11 18:46:35] app.DEBUG: < 200 [] []
[2018-02-11 18:49:01] app.INFO: Matched route "{route}". {"route":"GET_books","route_parameters":{"_controller":"[object] (Closure: {})","_route":"GET_books"},"request_uri":"http://localhost:9000/books","method":"GET"} []
[2018-02-11 18:49:01] app.DEBUG: > GET /books [] []
[2018-02-11 18:49:01] app.DEBUG: < 200 [] []
